{
  "summary": {
    "outcome": "Failed",
    "testsRan": 1,
    "passing": 0,
    "failing": 1,
    "skipped": 0,
    "passRate": "0%",
    "failRate": "100%",
    "skipRate": "0%",
    "testStartTime": "Fri Apr 29 2022 00:29:57",
    "testExecutionTimeInMs": 14,
    "testTotalTimeInMs": 14,
    "commandTimeInMs": 308,
    "hostname": "https://nulp2-dev-ed.my.salesforce.com",
    "orgId": "00D7Q000000H84EUAS",
    "username": "maksym.mahyrevych@gmail.com",
    "testRunId": "7077Q00000HoVYf",
    "userId": "0057Q000000YPg7QAG"
  },
  "tests": [
    {
      "id": "07M7Q000000lcBBUAY",
      "queueItemId": "7097Q000000XsJBQA0",
      "stackTrace": "Class.PublicGroupUtilsTest.createGroupsAfterCreatingCampaign: line 27, column 1",
      "message": "System.AssertException: Assertion Failed: Expected: 4, Actual: 0",
      "asyncApexJobId": "7077Q00000HoVYfQAN",
      "methodName": "createGroupsAfterCreatingCampaign",
      "outcome": "Fail",
      "apexLogId": null,
      "apexClass": {
        "id": "01p7Q00000E2359QAB",
        "name": "PublicGroupUtilsTest",
        "namespacePrefix": null,
        "fullName": "PublicGroupUtilsTest"
      },
      "runTime": 14,
      "testTimestamp": "2022-04-28T21:29:58.000+0000",
      "fullName": "PublicGroupUtilsTest.createGroupsAfterCreatingCampaign",
      "diagnostic": {
        "exceptionMessage": "System.AssertException: Assertion Failed: Expected: 4, Actual: 0",
        "exceptionStackTrace": "Class.PublicGroupUtilsTest.createGroupsAfterCreatingCampaign: line 27, column 1",
        "className": "PublicGroupUtilsTest",
        "compileProblem": "",
        "lineNumber": 27,
        "columnNumber": 1
      }
    }
  ]
}